1716393661290:ls
1716393717703:run
1716393842885:ls
1716393954848:q
1716393958656:quit
1716393968947:ls
1716394078368:ls ./target/
1716394081656:ls
1716394085461:clear
1716394095303:ls
1716394127301:quit
1716394328082:ls
1716394337461:ls ./target/
1716394350902:quit
1716394727479:ls
1716394800860:quit
1716395219575:ls
1716395239427:quit
1716395247088:ls
1716395464282:quit
1716395472286:ls
1716395542172:quit
1716395745060:ls
1716395784015:quit
1716395870532:ls
1716396002536:quit
1716396008083:ls
1716396047374:quit
1716396358308:ls
1716396632681:quit
1716396637982:ls
1716396676434:quit
1716396701558:ls
1716396704152:quit
